sample.interval=20000
"%in%" "standardGeneric" "%in%" "which" "eval" "eval" "withVisible" "ss" ".ess.source" ".ess.ns_evalSource" ".ess.ns_source" ".ess.ns_eval" 
"%in%" "standardGeneric" "%in%" "which" "eval" "eval" "withVisible" "ss" ".ess.source" ".ess.ns_evalSource" ".ess.ns_source" ".ess.ns_eval" 
"%in%" "standardGeneric" "%in%" "which" "eval" "eval" "withVisible" "ss" ".ess.source" ".ess.ns_evalSource" ".ess.ns_source" ".ess.ns_eval" 
"%in%" "standardGeneric" "%in%" "which" "eval" "eval" "withVisible" "ss" ".ess.source" ".ess.ns_evalSource" ".ess.ns_source" ".ess.ns_eval" 
"%in%" "standardGeneric" "%in%" "which" "eval" "eval" "withVisible" "ss" ".ess.source" ".ess.ns_evalSource" ".ess.ns_source" ".ess.ns_eval" 
"%in%" "standardGeneric" "%in%" "which" "eval" "eval" "withVisible" "ss" ".ess.source" ".ess.ns_evalSource" ".ess.ns_source" ".ess.ns_eval" 
"%in%" "standardGeneric" "%in%" "which" "eval" "eval" "withVisible" "ss" ".ess.source" ".ess.ns_evalSource" ".ess.ns_source" ".ess.ns_eval" 
"%in%" "standardGeneric" "%in%" "which" "eval" "eval" "withVisible" "ss" ".ess.source" ".ess.ns_evalSource" ".ess.ns_source" ".ess.ns_eval" 
"%in%" "standardGeneric" "%in%" "which" "eval" "eval" "withVisible" "ss" ".ess.source" ".ess.ns_evalSource" ".ess.ns_source" ".ess.ns_eval" 
"%in%" "standardGeneric" "%in%" "which" "eval" "eval" "withVisible" "ss" ".ess.source" ".ess.ns_evalSource" ".ess.ns_source" ".ess.ns_eval" 
"%in%" "standardGeneric" "%in%" "which" "eval" "eval" "withVisible" "ss" ".ess.source" ".ess.ns_evalSource" ".ess.ns_source" ".ess.ns_eval" 
"%in%" "standardGeneric" "%in%" "which" "eval" "eval" "withVisible" "ss" ".ess.source" ".ess.ns_evalSource" ".ess.ns_source" ".ess.ns_eval" 
"%in%" "standardGeneric" "%in%" "which" "eval" "eval" "withVisible" "ss" ".ess.source" ".ess.ns_evalSource" ".ess.ns_source" ".ess.ns_eval" 
"%in%" "standardGeneric" "%in%" "which" "eval" "eval" "withVisible" "ss" ".ess.source" ".ess.ns_evalSource" ".ess.ns_source" ".ess.ns_eval" 
"%in%" "standardGeneric" "%in%" "which" "eval" "eval" "withVisible" "ss" ".ess.source" ".ess.ns_evalSource" ".ess.ns_source" ".ess.ns_eval" 
"%in%" "standardGeneric" "%in%" "which" "eval" "eval" "withVisible" "ss" ".ess.source" ".ess.ns_evalSource" ".ess.ns_source" ".ess.ns_eval" 
"%in%" "standardGeneric" "%in%" "which" "eval" "eval" "withVisible" "ss" ".ess.source" ".ess.ns_evalSource" ".ess.ns_source" ".ess.ns_eval" 
"%in%" "standardGeneric" "%in%" "which" "eval" "eval" "withVisible" "ss" ".ess.source" ".ess.ns_evalSource" ".ess.ns_source" ".ess.ns_eval" 
"%in%" "standardGeneric" "%in%" "which" "eval" "eval" "withVisible" "ss" ".ess.source" ".ess.ns_evalSource" ".ess.ns_source" ".ess.ns_eval" 
"validObject" "extent" "extent" ".local" "raster" "raster" ".local" "raster" "raster" ".local" "raster" "raster" ".local" "adjacent" "adjacent" "eval" "eval" "withVisible" "ss" ".ess.source" ".ess.ns_evalSource" ".ess.ns_source" ".ess.ns_eval" 
"%in%" "standardGeneric" "%in%" "which" "eval" "eval" "withVisible" "ss" ".ess.source" ".ess.ns_evalSource" ".ess.ns_source" ".ess.ns_eval" 
"%in%" "standardGeneric" "%in%" "which" "eval" "eval" "withVisible" "ss" ".ess.source" ".ess.ns_evalSource" ".ess.ns_source" ".ess.ns_eval" 
"%in%" "standardGeneric" "%in%" "which" "eval" "eval" "withVisible" "ss" ".ess.source" ".ess.ns_evalSource" ".ess.ns_source" ".ess.ns_eval" 
"%in%" "standardGeneric" "%in%" "which" "eval" "eval" "withVisible" "ss" ".ess.source" ".ess.ns_evalSource" ".ess.ns_source" ".ess.ns_eval" 
"%in%" "standardGeneric" "%in%" "which" "eval" "eval" "withVisible" "ss" ".ess.source" ".ess.ns_evalSource" ".ess.ns_source" ".ess.ns_eval" 
"%in%" "standardGeneric" "%in%" "which" "eval" "eval" "withVisible" "ss" ".ess.source" ".ess.ns_evalSource" ".ess.ns_source" ".ess.ns_eval" 
"isFALSE" "validObject" "extent" "extent" ".local" "extent" "extent" "xmax" "xmax" "standardGeneric" "all.equal" "isTRUE" ".isGlobalLonLat" ".local" "adjacent" "adjacent" "eval" "eval" "withVisible" "ss" ".ess.source" ".ess.ns_evalSource" ".ess.ns_source" ".ess.ns_eval" 
"%in%" "standardGeneric" "%in%" "which" "eval" "eval" "withVisible" "ss" ".ess.source" ".ess.ns_evalSource" ".ess.ns_source" ".ess.ns_eval" 
"%in%" "standardGeneric" "%in%" "which" "eval" "eval" "withVisible" "ss" ".ess.source" ".ess.ns_evalSource" ".ess.ns_source" ".ess.ns_eval" 
"%in%" "standardGeneric" "%in%" "which" "eval" "eval" "withVisible" "ss" ".ess.source" ".ess.ns_evalSource" ".ess.ns_source" ".ess.ns_eval" 
"%in%" "standardGeneric" "%in%" "which" "eval" "eval" "withVisible" "ss" ".ess.source" ".ess.ns_evalSource" ".ess.ns_source" ".ess.ns_eval" 
"%in%" "standardGeneric" "%in%" "which" "eval" "eval" "withVisible" "ss" ".ess.source" ".ess.ns_evalSource" ".ess.ns_source" ".ess.ns_eval" 
"%in%" "standardGeneric" "%in%" "which" "eval" "eval" "withVisible" "ss" ".ess.source" ".ess.ns_evalSource" ".ess.ns_source" ".ess.ns_eval" 
"%in%" "standardGeneric" "%in%" "which" "eval" "eval" "withVisible" "ss" ".ess.source" ".ess.ns_evalSource" ".ess.ns_source" ".ess.ns_eval" 
"%in%" "standardGeneric" "%in%" "which" "eval" "eval" "withVisible" "ss" ".ess.source" ".ess.ns_evalSource" ".ess.ns_source" ".ess.ns_eval" 
"%in%" "standardGeneric" "%in%" "which" "eval" "eval" "withVisible" "ss" ".ess.source" ".ess.ns_evalSource" ".ess.ns_source" ".ess.ns_eval" 
"eval" "match.arg" "sort.int" "sort.default" "sort" "extent" ".local" "extent" "extent" "methods::validObject" "validityMethod" "isTRUE" "anyStrings" "validObject" "initialize" "initialize" "methods::new" ".local" "raster" "raster" ".local" "raster" "raster" ".local" "raster" "raster" ".local" "adjacent" "adjacent" "eval" "eval" "withVisible" "ss" ".ess.source" ".ess.ns_evalSource" ".ess.ns_source" ".ess.ns_eval" 
"%in%" "standardGeneric" "%in%" "which" "eval" "eval" "withVisible" "ss" ".ess.source" ".ess.ns_evalSource" ".ess.ns_source" ".ess.ns_eval" 
"grep" "rgdal::checkCRSArgs" "CRS" ".local" "raster" "raster" ".local" "raster" "raster" ".local" "raster" "raster" ".local" "adjacent" "adjacent" "eval" "eval" "withVisible" "ss" ".ess.source" ".ess.ns_evalSource" ".ess.ns_source" ".ess.ns_eval" 
"%in%" "standardGeneric" "%in%" "which" "eval" "eval" "withVisible" "ss" ".ess.source" ".ess.ns_evalSource" ".ess.ns_source" ".ess.ns_eval" 
"%in%" "standardGeneric" "%in%" "which" "eval" "eval" "withVisible" "ss" ".ess.source" ".ess.ns_evalSource" ".ess.ns_source" ".ess.ns_eval" 
"%in%" "standardGeneric" "%in%" "which" "eval" "eval" "withVisible" "ss" ".ess.source" ".ess.ns_evalSource" ".ess.ns_source" ".ess.ns_eval" 
"%in%" "standardGeneric" "%in%" "which" "eval" "eval" "withVisible" "ss" ".ess.source" ".ess.ns_evalSource" ".ess.ns_source" ".ess.ns_eval" 
"%in%" "standardGeneric" "%in%" "which" "eval" "eval" "withVisible" "ss" ".ess.source" ".ess.ns_evalSource" ".ess.ns_source" ".ess.ns_eval" 
"%in%" "standardGeneric" "%in%" "which" "eval" "eval" "withVisible" "ss" ".ess.source" ".ess.ns_evalSource" ".ess.ns_source" ".ess.ns_eval" 
"validObject" "initialize" "initialize" "methods::new" ".local" "raster" "raster" ".local" "raster" "raster" ".local" "raster" "raster" ".local" "adjacent" "adjacent" "eval" "eval" "withVisible" "ss" ".ess.source" ".ess.ns_evalSource" ".ess.ns_source" ".ess.ns_eval" 
"%in%" "standardGeneric" "%in%" "which" "eval" "eval" "withVisible" "ss" ".ess.source" ".ess.ns_evalSource" ".ess.ns_source" ".ess.ns_eval" 
"strsplit" "rgdal::checkCRSArgs" "CRS" ".local" "raster" "raster" ".local" "raster" "raster" ".local" "raster" "raster" ".local" "adjacent" "adjacent" "eval" "eval" "withVisible" "ss" ".ess.source" ".ess.ns_evalSource" ".ess.ns_source" ".ess.ns_eval" 
"%in%" "standardGeneric" "%in%" "which" "eval" "eval" "withVisible" "ss" ".ess.source" ".ess.ns_evalSource" ".ess.ns_source" ".ess.ns_eval" 
"%in%" "standardGeneric" "%in%" "which" "eval" "eval" "withVisible" "ss" ".ess.source" ".ess.ns_evalSource" ".ess.ns_source" ".ess.ns_eval" 
"%in%" "standardGeneric" "%in%" "which" "eval" "eval" "withVisible" "ss" ".ess.source" ".ess.ns_evalSource" ".ess.ns_source" ".ess.ns_eval" 
"%in%" "standardGeneric" "%in%" "which" "eval" "eval" "withVisible" "ss" ".ess.source" ".ess.ns_evalSource" ".ess.ns_source" ".ess.ns_eval" 
"%in%" "standardGeneric" "%in%" "which" "eval" "eval" "withVisible" "ss" ".ess.source" ".ess.ns_evalSource" ".ess.ns_source" ".ess.ns_eval" 
"%in%" "standardGeneric" "%in%" "which" "eval" "eval" "withVisible" "ss" ".ess.source" ".ess.ns_evalSource" ".ess.ns_source" ".ess.ns_eval" 
"%in%" "standardGeneric" "%in%" "which" "eval" "eval" "withVisible" "ss" ".ess.source" ".ess.ns_evalSource" ".ess.ns_source" ".ess.ns_eval" 
"%in%" "standardGeneric" "%in%" "which" "eval" "eval" "withVisible" "ss" ".ess.source" ".ess.ns_evalSource" ".ess.ns_source" ".ess.ns_eval" 
"%in%" "standardGeneric" "%in%" "which" "eval" "eval" "withVisible" "ss" ".ess.source" ".ess.ns_evalSource" ".ess.ns_source" ".ess.ns_eval" 
"%in%" "standardGeneric" "%in%" "which" "eval" "eval" "withVisible" "ss" ".ess.source" ".ess.ns_evalSource" ".ess.ns_source" ".ess.ns_eval" 
"%in%" "standardGeneric" "%in%" "which" "eval" "eval" "withVisible" "ss" ".ess.source" ".ess.ns_evalSource" ".ess.ns_source" ".ess.ns_eval" 
"%in%" "standardGeneric" "%in%" "which" "eval" "eval" "withVisible" "ss" ".ess.source" ".ess.ns_evalSource" ".ess.ns_source" ".ess.ns_eval" 
"%in%" "standardGeneric" "%in%" "which" "eval" "eval" "withVisible" "ss" ".ess.source" ".ess.ns_evalSource" ".ess.ns_source" ".ess.ns_eval" 
"%in%" "standardGeneric" "%in%" "which" "eval" "eval" "withVisible" "ss" ".ess.source" ".ess.ns_evalSource" ".ess.ns_source" ".ess.ns_eval" 
"%in%" "standardGeneric" "%in%" "which" "eval" "eval" "withVisible" "ss" ".ess.source" ".ess.ns_evalSource" ".ess.ns_source" ".ess.ns_eval" 
"%in%" "standardGeneric" "%in%" "which" "eval" "eval" "withVisible" "ss" ".ess.source" ".ess.ns_evalSource" ".ess.ns_source" ".ess.ns_eval" 
"which" "eval" "eval" "withVisible" "ss" ".ess.source" ".ess.ns_evalSource" ".ess.ns_source" ".ess.ns_eval" 
"%in%" "standardGeneric" "%in%" "which" "eval" "eval" "withVisible" "ss" ".ess.source" ".ess.ns_evalSource" ".ess.ns_source" ".ess.ns_eval" 
"%in%" "standardGeneric" "%in%" "which" "eval" "eval" "withVisible" "ss" ".ess.source" ".ess.ns_evalSource" ".ess.ns_source" ".ess.ns_eval" 
"%in%" "standardGeneric" "%in%" "which" "eval" "eval" "withVisible" "ss" ".ess.source" ".ess.ns_evalSource" ".ess.ns_source" ".ess.ns_eval" 
"%in%" "standardGeneric" "%in%" "which" "eval" "eval" "withVisible" "ss" ".ess.source" ".ess.ns_evalSource" ".ess.ns_source" ".ess.ns_eval" 
"%in%" "standardGeneric" "%in%" "which" "eval" "eval" "withVisible" "ss" ".ess.source" ".ess.ns_evalSource" ".ess.ns_source" ".ess.ns_eval" 
"%in%" "standardGeneric" "%in%" "which" "eval" "eval" "withVisible" "ss" ".ess.source" ".ess.ns_evalSource" ".ess.ns_source" ".ess.ns_eval" 
"%in%" "standardGeneric" "%in%" "which" "eval" "eval" "withVisible" "ss" ".ess.source" ".ess.ns_evalSource" ".ess.ns_source" ".ess.ns_eval" 
"%in%" "standardGeneric" "%in%" "which" "eval" "eval" "withVisible" "ss" ".ess.source" ".ess.ns_evalSource" ".ess.ns_source" ".ess.ns_eval" 
"%in%" "standardGeneric" "%in%" "which" "eval" "eval" "withVisible" "ss" ".ess.source" ".ess.ns_evalSource" ".ess.ns_source" ".ess.ns_eval" 
"%in%" "standardGeneric" "%in%" "which" "eval" "eval" "withVisible" "ss" ".ess.source" ".ess.ns_evalSource" ".ess.ns_source" ".ess.ns_eval" 
"%in%" "standardGeneric" "%in%" "which" "eval" "eval" "withVisible" "ss" ".ess.source" ".ess.ns_evalSource" ".ess.ns_source" ".ess.ns_eval" 
"%in%" "standardGeneric" "%in%" "which" "eval" "eval" "withVisible" "ss" ".ess.source" ".ess.ns_evalSource" ".ess.ns_source" ".ess.ns_eval" 
"%in%" "standardGeneric" "%in%" "which" "eval" "eval" "withVisible" "ss" ".ess.source" ".ess.ns_evalSource" ".ess.ns_source" ".ess.ns_eval" 
"%in%" "standardGeneric" "%in%" "which" "eval" "eval" "withVisible" "ss" ".ess.source" ".ess.ns_evalSource" ".ess.ns_source" ".ess.ns_eval" 
"%in%" "standardGeneric" "%in%" "which" "eval" "eval" "withVisible" "ss" ".ess.source" ".ess.ns_evalSource" ".ess.ns_source" ".ess.ns_eval" 
"%in%" "standardGeneric" "%in%" "which" "eval" "eval" "withVisible" "ss" ".ess.source" ".ess.ns_evalSource" ".ess.ns_source" ".ess.ns_eval" 
"%in%" "standardGeneric" "%in%" "which" "eval" "eval" "withVisible" "ss" ".ess.source" ".ess.ns_evalSource" ".ess.ns_source" ".ess.ns_eval" 
"%in%" "standardGeneric" "%in%" "which" "eval" "eval" "withVisible" "ss" ".ess.source" ".ess.ns_evalSource" ".ess.ns_source" ".ess.ns_eval" 
"doTryCatch" "tryCatchOne" "tryCatchList" "tryCatch" "try" "validObject" "extent" "extent" ".local" "raster" "raster" ".local" "raster" "raster" ".local" "raster" "raster" ".local" "adjacent" "adjacent" "eval" "eval" "withVisible" "ss" ".ess.source" ".ess.ns_evalSource" ".ess.ns_source" ".ess.ns_eval" 
"%in%" "standardGeneric" "%in%" "which" "eval" "eval" "withVisible" "ss" ".ess.source" ".ess.ns_evalSource" ".ess.ns_source" ".ess.ns_eval" 
"which" "eval" "eval" "withVisible" "ss" ".ess.source" ".ess.ns_evalSource" ".ess.ns_source" ".ess.ns_eval" 
"%in%" "standardGeneric" "%in%" "which" "eval" "eval" "withVisible" "ss" ".ess.source" ".ess.ns_evalSource" ".ess.ns_source" ".ess.ns_eval" 
"%in%" "standardGeneric" "%in%" "which" "eval" "eval" "withVisible" "ss" ".ess.source" ".ess.ns_evalSource" ".ess.ns_source" ".ess.ns_eval" 
"%in%" "standardGeneric" "%in%" "which" "eval" "eval" "withVisible" "ss" ".ess.source" ".ess.ns_evalSource" ".ess.ns_source" ".ess.ns_eval" 
"%in%" "standardGeneric" "%in%" "which" "eval" "eval" "withVisible" "ss" ".ess.source" ".ess.ns_evalSource" ".ess.ns_source" ".ess.ns_eval" 
"%in%" "standardGeneric" "%in%" "which" "eval" "eval" "withVisible" "ss" ".ess.source" ".ess.ns_evalSource" ".ess.ns_source" ".ess.ns_eval" 
"%in%" "standardGeneric" "%in%" "which" "eval" "eval" "withVisible" "ss" ".ess.source" ".ess.ns_evalSource" ".ess.ns_source" ".ess.ns_eval" 
"order" "sort.int" "sort.default" "sort" "unlist" "extent" "extent" ".local" "extent" "extent" "methods::validObject" "validityMethod" "isTRUE" "anyStrings" "validObject" "initialize" "initialize" "methods::new" ".local" "raster" "raster" ".local" "raster" "raster" ".local" "raster" "raster" ".local" "adjacent" "adjacent" "eval" "eval" "withVisible" "ss" ".ess.source" ".ess.ns_evalSource" ".ess.ns_source" ".ess.ns_eval" 
"%in%" "standardGeneric" "%in%" "which" "eval" "eval" "withVisible" "ss" ".ess.source" ".ess.ns_evalSource" ".ess.ns_source" ".ess.ns_eval" 
"methods::new" "extent" "extent" ".local" "raster" "raster" ".local" "raster" "raster" ".local" "raster" "raster" ".local" "adjacent" "adjacent" "eval" "eval" "withVisible" "ss" ".ess.source" ".ess.ns_evalSource" ".ess.ns_source" ".ess.ns_eval" 
"%in%" "standardGeneric" "%in%" "which" "eval" "eval" "withVisible" "ss" ".ess.source" ".ess.ns_evalSource" ".ess.ns_source" ".ess.ns_eval" 
"%in%" "standardGeneric" "%in%" "which" "eval" "eval" "withVisible" "ss" ".ess.source" ".ess.ns_evalSource" ".ess.ns_source" ".ess.ns_eval" 
"%in%" "standardGeneric" "%in%" "which" "eval" "eval" "withVisible" "ss" ".ess.source" ".ess.ns_evalSource" ".ess.ns_source" ".ess.ns_eval" 
"%in%" "standardGeneric" "%in%" "which" "eval" "eval" "withVisible" "ss" ".ess.source" ".ess.ns_evalSource" ".ess.ns_source" ".ess.ns_eval" 
"%in%" "standardGeneric" "%in%" "which" "eval" "eval" "withVisible" "ss" ".ess.source" ".ess.ns_evalSource" ".ess.ns_source" ".ess.ns_eval" 
"%in%" "standardGeneric" "%in%" "which" "eval" "eval" "withVisible" "ss" ".ess.source" ".ess.ns_evalSource" ".ess.ns_source" ".ess.ns_eval" 
"%in%" "standardGeneric" "%in%" "which" "eval" "eval" "withVisible" "ss" ".ess.source" ".ess.ns_evalSource" ".ess.ns_source" ".ess.ns_eval" 
"%in%" "standardGeneric" "%in%" "which" "eval" "eval" "withVisible" "ss" ".ess.source" ".ess.ns_evalSource" ".ess.ns_source" ".ess.ns_eval" 
"%in%" "standardGeneric" "%in%" "which" "eval" "eval" "withVisible" "ss" ".ess.source" ".ess.ns_evalSource" ".ess.ns_source" ".ess.ns_eval" 
"%in%" "standardGeneric" "%in%" "which" "eval" "eval" "withVisible" "ss" ".ess.source" ".ess.ns_evalSource" ".ess.ns_source" ".ess.ns_eval" 
"<Anonymous>" ".local" "raster" "raster" ".local" "adjacent" "adjacent" "eval" "eval" "withVisible" "ss" ".ess.source" ".ess.ns_evalSource" ".ess.ns_source" ".ess.ns_eval" 
"%in%" "standardGeneric" "%in%" "which" "eval" "eval" "withVisible" "ss" ".ess.source" ".ess.ns_evalSource" ".ess.ns_source" ".ess.ns_eval" 
"%in%" "standardGeneric" "%in%" "which" "eval" "eval" "withVisible" "ss" ".ess.source" ".ess.ns_evalSource" ".ess.ns_source" ".ess.ns_eval" 
"%in%" "standardGeneric" "%in%" "which" "eval" "eval" "withVisible" "ss" ".ess.source" ".ess.ns_evalSource" ".ess.ns_source" ".ess.ns_eval" 
"%in%" "standardGeneric" "%in%" "which" "eval" "eval" "withVisible" "ss" ".ess.source" ".ess.ns_evalSource" ".ess.ns_source" ".ess.ns_eval" 
"%in%" "standardGeneric" "%in%" "which" "eval" "eval" "withVisible" "ss" ".ess.source" ".ess.ns_evalSource" ".ess.ns_source" ".ess.ns_eval" 
"%in%" "standardGeneric" "%in%" "which" "eval" "eval" "withVisible" "ss" ".ess.source" ".ess.ns_evalSource" ".ess.ns_source" ".ess.ns_eval" 
"%in%" "standardGeneric" "%in%" "which" "eval" "eval" "withVisible" "ss" ".ess.source" ".ess.ns_evalSource" ".ess.ns_source" ".ess.ns_eval" 
"%in%" "standardGeneric" "%in%" "which" "eval" "eval" "withVisible" "ss" ".ess.source" ".ess.ns_evalSource" ".ess.ns_source" ".ess.ns_eval" 
"%in%" "standardGeneric" "%in%" "which" "eval" "eval" "withVisible" "ss" ".ess.source" ".ess.ns_evalSource" ".ess.ns_source" ".ess.ns_eval" 
"%in%" "standardGeneric" "%in%" "which" "eval" "eval" "withVisible" "ss" ".ess.source" ".ess.ns_evalSource" ".ess.ns_source" ".ess.ns_eval" 
"%in%" "standardGeneric" "%in%" "which" "eval" "eval" "withVisible" "ss" ".ess.source" ".ess.ns_evalSource" ".ess.ns_source" ".ess.ns_eval" 
"getNamespace" "asNamespace" "getExportedValue" "::" "extent" "extent" ".local" "raster" "raster" ".local" "raster" "raster" ".local" "raster" "raster" ".local" "adjacent" "adjacent" "eval" "eval" "withVisible" "ss" ".ess.source" ".ess.ns_evalSource" ".ess.ns_source" ".ess.ns_eval" 
"%in%" "standardGeneric" "%in%" "which" "eval" "eval" "withVisible" "ss" ".ess.source" ".ess.ns_evalSource" ".ess.ns_source" ".ess.ns_eval" 
"which" "eval" "eval" "withVisible" "ss" ".ess.source" ".ess.ns_evalSource" ".ess.ns_source" ".ess.ns_eval" 
"%in%" "standardGeneric" "%in%" "which" "eval" "eval" "withVisible" "ss" ".ess.source" ".ess.ns_evalSource" ".ess.ns_source" ".ess.ns_eval" 
"which" "eval" "eval" "withVisible" "ss" ".ess.source" ".ess.ns_evalSource" ".ess.ns_source" ".ess.ns_eval" 
"%in%" "standardGeneric" "%in%" "which" "eval" "eval" "withVisible" "ss" ".ess.source" ".ess.ns_evalSource" ".ess.ns_source" ".ess.ns_eval" 
"%in%" "standardGeneric" "%in%" "which" "eval" "eval" "withVisible" "ss" ".ess.source" ".ess.ns_evalSource" ".ess.ns_source" ".ess.ns_eval" 
"%in%" "standardGeneric" "%in%" "which" "eval" "eval" "withVisible" "ss" ".ess.source" ".ess.ns_evalSource" ".ess.ns_source" ".ess.ns_eval" 
"%in%" "standardGeneric" "%in%" "which" "eval" "eval" "withVisible" "ss" ".ess.source" ".ess.ns_evalSource" ".ess.ns_source" ".ess.ns_eval" 
"%in%" "standardGeneric" "%in%" "which" "eval" "eval" "withVisible" "ss" ".ess.source" ".ess.ns_evalSource" ".ess.ns_source" ".ess.ns_eval" 
"%in%" "standardGeneric" "%in%" "which" "eval" "eval" "withVisible" "ss" ".ess.source" ".ess.ns_evalSource" ".ess.ns_source" ".ess.ns_eval" 
"%in%" "standardGeneric" "%in%" "which" "eval" "eval" "withVisible" "ss" ".ess.source" ".ess.ns_evalSource" ".ess.ns_source" ".ess.ns_eval" 
"%in%" "standardGeneric" "%in%" "which" "eval" "eval" "withVisible" "ss" ".ess.source" ".ess.ns_evalSource" ".ess.ns_source" ".ess.ns_eval" 
"%in%" "standardGeneric" "%in%" "which" "eval" "eval" "withVisible" "ss" ".ess.source" ".ess.ns_evalSource" ".ess.ns_source" ".ess.ns_eval" 
"%in%" "standardGeneric" "%in%" "which" "eval" "eval" "withVisible" "ss" ".ess.source" ".ess.ns_evalSource" ".ess.ns_source" ".ess.ns_eval" 
"%in%" "standardGeneric" "%in%" "which" "eval" "eval" "withVisible" "ss" ".ess.source" ".ess.ns_evalSource" ".ess.ns_source" ".ess.ns_eval" 
"which" "eval" "eval" "withVisible" "ss" ".ess.source" ".ess.ns_evalSource" ".ess.ns_source" ".ess.ns_eval" 
"%in%" "standardGeneric" "%in%" "which" "eval" "eval" "withVisible" "ss" ".ess.source" ".ess.ns_evalSource" ".ess.ns_source" ".ess.ns_eval" 
"%in%" "standardGeneric" "%in%" "which" "eval" "eval" "withVisible" "ss" ".ess.source" ".ess.ns_evalSource" ".ess.ns_source" ".ess.ns_eval" 
"%in%" "standardGeneric" "%in%" "which" "eval" "eval" "withVisible" "ss" ".ess.source" ".ess.ns_evalSource" ".ess.ns_source" ".ess.ns_eval" 
"%in%" "standardGeneric" "%in%" "which" "eval" "eval" "withVisible" "ss" ".ess.source" ".ess.ns_evalSource" ".ess.ns_source" ".ess.ns_eval" 
"%in%" "standardGeneric" "%in%" "which" "eval" "eval" "withVisible" "ss" ".ess.source" ".ess.ns_evalSource" ".ess.ns_source" ".ess.ns_eval" 
"%in%" "standardGeneric" "%in%" "which" "eval" "eval" "withVisible" "ss" ".ess.source" ".ess.ns_evalSource" ".ess.ns_source" ".ess.ns_eval" 
"%in%" "standardGeneric" "%in%" "which" "eval" "eval" "withVisible" "ss" ".ess.source" ".ess.ns_evalSource" ".ess.ns_source" ".ess.ns_eval" 
"%in%" "standardGeneric" "%in%" "which" "eval" "eval" "withVisible" "ss" ".ess.source" ".ess.ns_evalSource" ".ess.ns_source" ".ess.ns_eval" 
"%in%" "standardGeneric" "%in%" "which" "eval" "eval" "withVisible" "ss" ".ess.source" ".ess.ns_evalSource" ".ess.ns_source" ".ess.ns_eval" 
"%in%" "standardGeneric" "%in%" "which" "eval" "eval" "withVisible" "ss" ".ess.source" ".ess.ns_evalSource" ".ess.ns_source" ".ess.ns_eval" 
"%in%" "standardGeneric" "%in%" "which" "eval" "eval" "withVisible" "ss" ".ess.source" ".ess.ns_evalSource" ".ess.ns_source" ".ess.ns_eval" 
"%in%" "standardGeneric" "%in%" "which" "eval" "eval" "withVisible" "ss" ".ess.source" ".ess.ns_evalSource" ".ess.ns_source" ".ess.ns_eval" 
"%in%" "standardGeneric" "%in%" "which" "eval" "eval" "withVisible" "ss" ".ess.source" ".ess.ns_evalSource" ".ess.ns_source" ".ess.ns_eval" 
"%in%" "standardGeneric" "%in%" "which" "eval" "eval" "withVisible" "ss" ".ess.source" ".ess.ns_evalSource" ".ess.ns_source" ".ess.ns_eval" 
"%in%" "standardGeneric" "%in%" "which" "eval" "eval" "withVisible" "ss" ".ess.source" ".ess.ns_evalSource" ".ess.ns_source" ".ess.ns_eval" 
"%in%" "standardGeneric" "%in%" "which" "eval" "eval" "withVisible" "ss" ".ess.source" ".ess.ns_evalSource" ".ess.ns_source" ".ess.ns_eval" 
"%in%" "standardGeneric" "%in%" "which" "eval" "eval" "withVisible" "ss" ".ess.source" ".ess.ns_evalSource" ".ess.ns_source" ".ess.ns_eval" 
"%in%" "standardGeneric" "%in%" "which" "eval" "eval" "withVisible" "ss" ".ess.source" ".ess.ns_evalSource" ".ess.ns_source" ".ess.ns_eval" 
"%in%" "standardGeneric" "%in%" "which" "eval" "eval" "withVisible" "ss" ".ess.source" ".ess.ns_evalSource" ".ess.ns_source" ".ess.ns_eval" 
"possibleExtends" "methods::extends" "projection" "CRS" ".local" "raster" "raster" ".local" "raster" "raster" ".local" "raster" "raster" ".local" "adjacent" "adjacent" "eval" "eval" "withVisible" "ss" ".ess.source" ".ess.ns_evalSource" ".ess.ns_source" ".ess.ns_eval" 
"%in%" "standardGeneric" "%in%" "which" "eval" "eval" "withVisible" "ss" ".ess.source" ".ess.ns_evalSource" ".ess.ns_source" ".ess.ns_eval" 
"<Anonymous>" "extent" "extent" ".local" "raster" "raster" ".local" "raster" "raster" ".local" "raster" "raster" ".local" "adjacent" "adjacent" "eval" "eval" "withVisible" "ss" ".ess.source" ".ess.ns_evalSource" ".ess.ns_source" ".ess.ns_eval" 
"%in%" "standardGeneric" "%in%" "which" "eval" "eval" "withVisible" "ss" ".ess.source" ".ess.ns_evalSource" ".ess.ns_source" ".ess.ns_eval" 
"%in%" "standardGeneric" "%in%" "which" "eval" "eval" "withVisible" "ss" ".ess.source" ".ess.ns_evalSource" ".ess.ns_source" ".ess.ns_eval" 
"%in%" "standardGeneric" "%in%" "which" "eval" "eval" "withVisible" "ss" ".ess.source" ".ess.ns_evalSource" ".ess.ns_source" ".ess.ns_eval" 
"%in%" "standardGeneric" "%in%" "which" "eval" "eval" "withVisible" "ss" ".ess.source" ".ess.ns_evalSource" ".ess.ns_source" ".ess.ns_eval" 
"%in%" "standardGeneric" "%in%" "which" "eval" "eval" "withVisible" "ss" ".ess.source" ".ess.ns_evalSource" ".ess.ns_source" ".ess.ns_eval" 
"%in%" "standardGeneric" "%in%" "which" "eval" "eval" "withVisible" "ss" ".ess.source" ".ess.ns_evalSource" ".ess.ns_source" ".ess.ns_eval" 
"%in%" "standardGeneric" "%in%" "which" "eval" "eval" "withVisible" "ss" ".ess.source" ".ess.ns_evalSource" ".ess.ns_source" ".ess.ns_eval" 
"%in%" "standardGeneric" "%in%" "which" "eval" "eval" "withVisible" "ss" ".ess.source" ".ess.ns_evalSource" ".ess.ns_source" ".ess.ns_eval" 
"%in%" "standardGeneric" "%in%" "which" "eval" "eval" "withVisible" "ss" ".ess.source" ".ess.ns_evalSource" ".ess.ns_source" ".ess.ns_eval" 
"%in%" "standardGeneric" "%in%" "which" "eval" "eval" "withVisible" "ss" ".ess.source" ".ess.ns_evalSource" ".ess.ns_source" ".ess.ns_eval" 
"%in%" "standardGeneric" "%in%" "which" "eval" "eval" "withVisible" "ss" ".ess.source" ".ess.ns_evalSource" ".ess.ns_source" ".ess.ns_eval" 
"%in%" "standardGeneric" "%in%" "which" "eval" "eval" "withVisible" "ss" ".ess.source" ".ess.ns_evalSource" ".ess.ns_source" ".ess.ns_eval" 
"%in%" "standardGeneric" "%in%" "which" "eval" "eval" "withVisible" "ss" ".ess.source" ".ess.ns_evalSource" ".ess.ns_source" ".ess.ns_eval" 
"unique" "standardGeneric" "unique" "as.vector" ".local" "adjacent" "adjacent" "eval" "eval" "withVisible" "ss" ".ess.source" ".ess.ns_evalSource" ".ess.ns_source" ".ess.ns_eval" 
"%in%" "standardGeneric" "%in%" "which" "eval" "eval" "withVisible" "ss" ".ess.source" ".ess.ns_evalSource" ".ess.ns_source" ".ess.ns_eval" 
"%in%" "standardGeneric" "%in%" "which" "eval" "eval" "withVisible" "ss" ".ess.source" ".ess.ns_evalSource" ".ess.ns_source" ".ess.ns_eval" 
"%in%" "standardGeneric" "%in%" "which" "eval" "eval" "withVisible" "ss" ".ess.source" ".ess.ns_evalSource" ".ess.ns_source" ".ess.ns_eval" 
"%in%" "standardGeneric" "%in%" "which" "eval" "eval" "withVisible" "ss" ".ess.source" ".ess.ns_evalSource" ".ess.ns_source" ".ess.ns_eval" 
"%in%" "standardGeneric" "%in%" "which" "eval" "eval" "withVisible" "ss" ".ess.source" ".ess.ns_evalSource" ".ess.ns_source" ".ess.ns_eval" 
"%in%" "standardGeneric" "%in%" "which" "eval" "eval" "withVisible" "ss" ".ess.source" ".ess.ns_evalSource" ".ess.ns_source" ".ess.ns_eval" 
"%in%" "standardGeneric" "%in%" "which" "eval" "eval" "withVisible" "ss" ".ess.source" ".ess.ns_evalSource" ".ess.ns_source" ".ess.ns_eval" 
"%in%" "standardGeneric" "%in%" "which" "eval" "eval" "withVisible" "ss" ".ess.source" ".ess.ns_evalSource" ".ess.ns_source" ".ess.ns_eval" 
"%in%" "standardGeneric" "%in%" "which" "eval" "eval" "withVisible" "ss" ".ess.source" ".ess.ns_evalSource" ".ess.ns_source" ".ess.ns_eval" 
"%in%" "standardGeneric" "%in%" "which" "eval" "eval" "withVisible" "ss" ".ess.source" ".ess.ns_evalSource" ".ess.ns_source" ".ess.ns_eval" 
"%in%" "standardGeneric" "%in%" "which" "eval" "eval" "withVisible" "ss" ".ess.source" ".ess.ns_evalSource" ".ess.ns_source" ".ess.ns_eval" 
"%in%" "standardGeneric" "%in%" "which" "eval" "eval" "withVisible" "ss" ".ess.source" ".ess.ns_evalSource" ".ess.ns_source" ".ess.ns_eval" 
"%in%" "standardGeneric" "%in%" "which" "eval" "eval" "withVisible" "ss" ".ess.source" ".ess.ns_evalSource" ".ess.ns_source" ".ess.ns_eval" 
"%in%" "standardGeneric" "%in%" "which" "eval" "eval" "withVisible" "ss" ".ess.source" ".ess.ns_evalSource" ".ess.ns_source" ".ess.ns_eval" 
"%in%" "standardGeneric" "%in%" "which" "eval" "eval" "withVisible" "ss" ".ess.source" ".ess.ns_evalSource" ".ess.ns_source" ".ess.ns_eval" 
"%in%" "standardGeneric" "%in%" "which" "eval" "eval" "withVisible" "ss" ".ess.source" ".ess.ns_evalSource" ".ess.ns_source" ".ess.ns_eval" 
".getClassesFromCache" "getClassDef" "validObject" "initialize" "initialize" "methods::new" ".local" "raster" "raster" ".local" "raster" "raster" ".local" "raster" "raster" ".local" "adjacent" "adjacent" "eval" "eval" "withVisible" "ss" ".ess.source" ".ess.ns_evalSource" ".ess.ns_source" ".ess.ns_eval" 
"%in%" "standardGeneric" "%in%" "which" "eval" "eval" "withVisible" "ss" ".ess.source" ".ess.ns_evalSource" ".ess.ns_source" ".ess.ns_eval" 
"%in%" "standardGeneric" "%in%" "which" "eval" "eval" "withVisible" "ss" ".ess.source" ".ess.ns_evalSource" ".ess.ns_source" ".ess.ns_eval" 
"which" "eval" "eval" "withVisible" "ss" ".ess.source" ".ess.ns_evalSource" ".ess.ns_source" ".ess.ns_eval" 
"%in%" "standardGeneric" "%in%" "which" "eval" "eval" "withVisible" "ss" ".ess.source" ".ess.ns_evalSource" ".ess.ns_source" ".ess.ns_eval" 
"which" "eval" "eval" "withVisible" "ss" ".ess.source" ".ess.ns_evalSource" ".ess.ns_source" ".ess.ns_eval" 
"%in%" "standardGeneric" "%in%" "which" "eval" "eval" "withVisible" "ss" ".ess.source" ".ess.ns_evalSource" ".ess.ns_source" ".ess.ns_eval" 
"%in%" "standardGeneric" "%in%" "which" "eval" "eval" "withVisible" "ss" ".ess.source" ".ess.ns_evalSource" ".ess.ns_source" ".ess.ns_eval" 
"%in%" "standardGeneric" "%in%" "which" "eval" "eval" "withVisible" "ss" ".ess.source" ".ess.ns_evalSource" ".ess.ns_source" ".ess.ns_eval" 
"%in%" "standardGeneric" "%in%" "which" "eval" "eval" "withVisible" "ss" ".ess.source" ".ess.ns_evalSource" ".ess.ns_source" ".ess.ns_eval" 
"%in%" "standardGeneric" "%in%" "which" "eval" "eval" "withVisible" "ss" ".ess.source" ".ess.ns_evalSource" ".ess.ns_source" ".ess.ns_eval" 
"%in%" "standardGeneric" "%in%" "which" "eval" "eval" "withVisible" "ss" ".ess.source" ".ess.ns_evalSource" ".ess.ns_source" ".ess.ns_eval" 
"%in%" "standardGeneric" "%in%" "which" "eval" "eval" "withVisible" "ss" ".ess.source" ".ess.ns_evalSource" ".ess.ns_source" ".ess.ns_eval" 
"%in%" "standardGeneric" "%in%" "which" "eval" "eval" "withVisible" "ss" ".ess.source" ".ess.ns_evalSource" ".ess.ns_source" ".ess.ns_eval" 
"order" "sort.int" "sort.default" "sort" "extent" ".local" "extent" "extent" "xmax" "xmax" "standardGeneric" "all.equal" "isTRUE" ".isGlobalLonLat" ".local" "adjacent" "adjacent" "eval" "eval" "withVisible" "ss" ".ess.source" ".ess.ns_evalSource" ".ess.ns_source" ".ess.ns_eval" 
"%in%" "standardGeneric" "%in%" "which" "eval" "eval" "withVisible" "ss" ".ess.source" ".ess.ns_evalSource" ".ess.ns_source" ".ess.ns_eval" 
"<Anonymous>" "extent" "extent" ".local" "extent" "extent" "xmin" "xmin" "standardGeneric" "all.equal" "isTRUE" ".isGlobalLonLat" ".local" "adjacent" "adjacent" "eval" "eval" "withVisible" "ss" ".ess.source" ".ess.ns_evalSource" ".ess.ns_source" ".ess.ns_eval" 
"%in%" "standardGeneric" "%in%" "which" "eval" "eval" "withVisible" "ss" ".ess.source" ".ess.ns_evalSource" ".ess.ns_source" ".ess.ns_eval" 
"%in%" "standardGeneric" "%in%" "which" "eval" "eval" "withVisible" "ss" ".ess.source" ".ess.ns_evalSource" ".ess.ns_source" ".ess.ns_eval" 
"%in%" "standardGeneric" "%in%" "which" "eval" "eval" "withVisible" "ss" ".ess.source" ".ess.ns_evalSource" ".ess.ns_source" ".ess.ns_eval" 
"%in%" "standardGeneric" "%in%" "which" "eval" "eval" "withVisible" "ss" ".ess.source" ".ess.ns_evalSource" ".ess.ns_source" ".ess.ns_eval" 
"%in%" "standardGeneric" "%in%" "which" "eval" "eval" "withVisible" "ss" ".ess.source" ".ess.ns_evalSource" ".ess.ns_source" ".ess.ns_eval" 
"%in%" "standardGeneric" "%in%" "which" "eval" "eval" "withVisible" "ss" ".ess.source" ".ess.ns_evalSource" ".ess.ns_source" ".ess.ns_eval" 
"%in%" "standardGeneric" "%in%" "which" "eval" "eval" "withVisible" "ss" ".ess.source" ".ess.ns_evalSource" ".ess.ns_source" ".ess.ns_eval" 
"%in%" "standardGeneric" "%in%" "which" "eval" "eval" "withVisible" "ss" ".ess.source" ".ess.ns_evalSource" ".ess.ns_source" ".ess.ns_eval" 
"%in%" "standardGeneric" "%in%" "which" "eval" "eval" "withVisible" "ss" ".ess.source" ".ess.ns_evalSource" ".ess.ns_source" ".ess.ns_eval" 
"%in%" "standardGeneric" "%in%" "which" "eval" "eval" "withVisible" "ss" ".ess.source" ".ess.ns_evalSource" ".ess.ns_source" ".ess.ns_eval" 
"%in%" "standardGeneric" "%in%" "which" "eval" "eval" "withVisible" "ss" ".ess.source" ".ess.ns_evalSource" ".ess.ns_source" ".ess.ns_eval" 
"%in%" "standardGeneric" "%in%" "which" "eval" "eval" "withVisible" "ss" ".ess.source" ".ess.ns_evalSource" ".ess.ns_source" ".ess.ns_eval" 
"%in%" "standardGeneric" "%in%" "which" "eval" "eval" "withVisible" "ss" ".ess.source" ".ess.ns_evalSource" ".ess.ns_source" ".ess.ns_eval" 
"%in%" "standardGeneric" "%in%" "which" "eval" "eval" "withVisible" "ss" ".ess.source" ".ess.ns_evalSource" ".ess.ns_source" ".ess.ns_eval" 
"%in%" "standardGeneric" "%in%" "which" "eval" "eval" "withVisible" "ss" ".ess.source" ".ess.ns_evalSource" ".ess.ns_source" ".ess.ns_eval" 
"%in%" "standardGeneric" "%in%" "which" "eval" "eval" "withVisible" "ss" ".ess.source" ".ess.ns_evalSource" ".ess.ns_source" ".ess.ns_eval" 
"%in%" "standardGeneric" "%in%" "which" "eval" "eval" "withVisible" "ss" ".ess.source" ".ess.ns_evalSource" ".ess.ns_source" ".ess.ns_eval" 
"%in%" "standardGeneric" "%in%" "which" "eval" "eval" "withVisible" "ss" ".ess.source" ".ess.ns_evalSource" ".ess.ns_source" ".ess.ns_eval" 
"%in%" "standardGeneric" "%in%" "which" "eval" "eval" "withVisible" "ss" ".ess.source" ".ess.ns_evalSource" ".ess.ns_source" ".ess.ns_eval" 
"%in%" "standardGeneric" "%in%" "which" "eval" "eval" "withVisible" "ss" ".ess.source" ".ess.ns_evalSource" ".ess.ns_source" ".ess.ns_eval" 
"%in%" "standardGeneric" "%in%" "which" "eval" "eval" "withVisible" "ss" ".ess.source" ".ess.ns_evalSource" ".ess.ns_source" ".ess.ns_eval" 
"%in%" "standardGeneric" "%in%" "which" "eval" "eval" "withVisible" "ss" ".ess.source" ".ess.ns_evalSource" ".ess.ns_source" ".ess.ns_eval" 
"%in%" "standardGeneric" "%in%" "which" "eval" "eval" "withVisible" "ss" ".ess.source" ".ess.ns_evalSource" ".ess.ns_source" ".ess.ns_eval" 
"%in%" "standardGeneric" "%in%" "which" "eval" "eval" "withVisible" "ss" ".ess.source" ".ess.ns_evalSource" ".ess.ns_source" ".ess.ns_eval" 
"%in%" "standardGeneric" "%in%" "which" "eval" "eval" "withVisible" "ss" ".ess.source" ".ess.ns_evalSource" ".ess.ns_source" ".ess.ns_eval" 
"%in%" "standardGeneric" "%in%" "which" "eval" "eval" "withVisible" "ss" ".ess.source" ".ess.ns_evalSource" ".ess.ns_source" ".ess.ns_eval" 
"doTryCatch" "tryCatchOne" "tryCatchList" "tryCatch" "try" "validObject" "extent" "extent" ".local" "raster" "raster" ".local" "raster" "raster" ".local" "raster" "raster" ".local" "adjacent" "adjacent" "eval" "eval" "withVisible" "ss" ".ess.source" ".ess.ns_evalSource" ".ess.ns_source" ".ess.ns_eval" 
"%in%" "standardGeneric" "%in%" "which" "eval" "eval" "withVisible" "ss" ".ess.source" ".ess.ns_evalSource" ".ess.ns_source" ".ess.ns_eval" 
"which" "eval" "eval" "withVisible" "ss" ".ess.source" ".ess.ns_evalSource" ".ess.ns_source" ".ess.ns_eval" 
"%in%" "standardGeneric" "%in%" "which" "eval" "eval" "withVisible" "ss" ".ess.source" ".ess.ns_evalSource" ".ess.ns_source" ".ess.ns_eval" 
"%in%" "standardGeneric" "%in%" "which" "eval" "eval" "withVisible" "ss" ".ess.source" ".ess.ns_evalSource" ".ess.ns_source" ".ess.ns_eval" 
"%in%" "standardGeneric" "%in%" "which" "eval" "eval" "withVisible" "ss" ".ess.source" ".ess.ns_evalSource" ".ess.ns_source" ".ess.ns_eval" 
"%in%" "standardGeneric" "%in%" "which" "eval" "eval" "withVisible" "ss" ".ess.source" ".ess.ns_evalSource" ".ess.ns_source" ".ess.ns_eval" 
"%in%" "standardGeneric" "%in%" "which" "eval" "eval" "withVisible" "ss" ".ess.source" ".ess.ns_evalSource" ".ess.ns_source" ".ess.ns_eval" 
"%in%" "standardGeneric" "%in%" "which" "eval" "eval" "withVisible" "ss" ".ess.source" ".ess.ns_evalSource" ".ess.ns_source" ".ess.ns_eval" 
"%in%" "standardGeneric" "%in%" "which" "eval" "eval" "withVisible" "ss" ".ess.source" ".ess.ns_evalSource" ".ess.ns_source" ".ess.ns_eval" 
"%in%" "standardGeneric" "%in%" "which" "eval" "eval" "withVisible" "ss" ".ess.source" ".ess.ns_evalSource" ".ess.ns_source" ".ess.ns_eval" 
